2016-08-30 04:33:26 [scrapy] INFO: Scrapy 1.0.5 started (bot: dantriCrawler2)
2016-08-30 04:33:26 [scrapy] INFO: Optional features available: ssl, http11
2016-08-30 04:33:26 [scrapy] INFO: Overridden settings: {'NEWSPIDER_MODULE': 'dantriCrawler2.spiders', 'FEED_URI': 'items.json', 'SPIDER_MODULES': ['dantriCrawler2.spiders'], 'BOT_NAME': 'dantriCrawler2', 'ROBOTSTXT_OBEY': True, 'FEED_FORMAT': 'json', 'LOG_FILE': 'scrapy.log', 'DOWNLOAD_DELAY': 6}
2016-08-30 04:33:26 [scrapy] INFO: Enabled extensions: CloseSpider, FeedExporter, TelnetConsole, LogStats, CoreStats, SpiderState
2016-08-30 04:33:26 [scrapy] INFO: Enabled downloader middlewares: RobotsTxtMiddleware, HttpAuthMiddleware, DownloadTimeoutMiddleware, UserAgentMiddleware, RetryMiddleware, DefaultHeadersMiddleware, MetaRefreshMiddleware, HttpCompressionMiddleware, RedirectMiddleware, CookiesMiddleware, HttpProxyMiddleware, ChunkedTransferMiddleware, DownloaderStats
2016-08-30 04:33:26 [scrapy] INFO: Enabled spider middlewares: HttpErrorMiddleware, OffsiteMiddleware, RefererMiddleware, UrlLengthMiddleware, DepthMiddleware
2016-08-30 04:33:26 [py.warnings] WARNING: /usr/local/lib/python2.7/dist-packages/scrapy/pipelines/__init__.py:21: ScrapyDeprecationWarning: ITEM_PIPELINES defined as a list or a set is deprecated, switch to a dict
  category=ScrapyDeprecationWarning, stacklevel=1)

2016-08-30 04:33:26 [scrapy] INFO: Enabled item pipelines: Dantricrawler2Pipeline
2016-08-30 04:33:26 [scrapy] INFO: Spider opened
2016-08-30 04:33:26 [scrapy] INFO: Crawled 0 pages (at 0 pages/min), scraped 0 items (at 0 items/min)
2016-08-30 04:33:26 [scrapy] DEBUG: Telnet console listening on 127.0.0.1:6023
2016-08-30 04:33:26 [scrapy] DEBUG: Crawled (200) <GET http://dantri.com.vn/robots.txt> (referer: None)
2016-08-30 04:33:31 [scrapy] DEBUG: Crawled (200) <GET http://dantri.com.vn> (referer: None) ['partial']
2016-08-30 04:33:31 [scrapy] DEBUG: Crawled (404) <GET http://dulich.dantri.com.vn/robots.txt> (referer: None)
2016-08-30 04:33:37 [scrapy] DEBUG: Crawled (200) <GET http://dantri.com.vn/video-page.htm> (referer: http://dantri.com.vn) ['partial']
2016-08-30 04:33:40 [scrapy] DEBUG: Crawled (200) <GET http://dulich.dantri.com.vn> (referer: http://dantri.com.vn)
2016-08-30 04:33:46 [scrapy] DEBUG: Crawled (200) <GET http://dantri.com.vn/chuyen-la.htm> (referer: http://dantri.com.vn) ['partial']
2016-08-30 04:33:53 [scrapy] DEBUG: Crawled (200) <GET http://dantri.com.vn/tinh-yeu-gioi-tinh.htm> (referer: http://dantri.com.vn) ['partial']
2016-08-30 04:34:02 [scrapy] DEBUG: Crawled (200) <GET http://dantri.com.vn/o-to-xe-may.htm> (referer: http://dantri.com.vn) ['partial']
2016-08-30 04:34:10 [scrapy] DEBUG: Crawled (200) <GET http://dantri.com.vn/suc-manh-so.htm> (referer: http://dantri.com.vn) ['partial']
2016-08-30 04:34:18 [scrapy] DEBUG: Crawled (200) <GET http://dantri.com.vn/suc-khoe.htm> (referer: http://dantri.com.vn) ['partial']
2016-08-30 04:34:25 [scrapy] DEBUG: Crawled (200) <GET http://dantri.com.vn/nhip-song-tre.htm> (referer: http://dantri.com.vn) ['partial']
2016-08-30 04:34:26 [scrapy] INFO: Crawled 11 pages (at 11 pages/min), scraped 0 items (at 0 items/min)
2016-08-30 04:34:34 [scrapy] DEBUG: Crawled (200) <GET http://dantri.com.vn/phap-luat.htm> (referer: http://dantri.com.vn) ['partial']
2016-08-30 04:34:41 [scrapy] DEBUG: Crawled (200) <GET http://dantri.com.vn/giai-tri.htm> (referer: http://dantri.com.vn) ['partial']
2016-08-30 04:34:48 [scrapy] DEBUG: Crawled (200) <GET http://dantri.com.vn/van-hoa.htm> (referer: http://dantri.com.vn) ['partial']
2016-08-30 04:34:57 [scrapy] DEBUG: Crawled (200) <GET http://dantri.com.vn/kinh-doanh.htm> (referer: http://dantri.com.vn) ['partial']
2016-08-30 04:35:03 [scrapy] DEBUG: Crawled (200) <GET http://dantri.com.vn/tam-long-nhan-ai.htm> (referer: http://dantri.com.vn) ['partial']
2016-08-30 04:35:11 [scrapy] DEBUG: Crawled (200) <GET http://dantri.com.vn/giao-duc-khuyen-hoc.htm> (referer: http://dantri.com.vn) ['partial']
2016-08-30 04:35:18 [scrapy] DEBUG: Crawled (200) <GET http://dantri.com.vn/the-thao.htm> (referer: http://dantri.com.vn) ['partial']
2016-08-30 04:35:25 [scrapy] DEBUG: Crawled (200) <GET http://dantri.com.vn/the-gioi.htm> (referer: http://dantri.com.vn) ['partial']
2016-08-30 04:35:26 [scrapy] INFO: Crawled 19 pages (at 8 pages/min), scraped 0 items (at 0 items/min)
2016-08-30 04:35:33 [scrapy] DEBUG: Crawled (200) <GET http://dantri.com.vn/xa-hoi.htm> (referer: http://dantri.com.vn) ['partial']
2016-08-30 04:35:33 [scrapy] DEBUG: Filtered duplicate request: <GET http://dantri.com.vn/xa-hoi/cong-khai-xin-loi-thanh-nien-bi-truy-to-oan-sau-khi-trung-dan-20160829212239024.htm> - no more duplicates will be shown (see DUPEFILTER_DEBUG to show all duplicates)
2016-08-30 04:35:38 [scrapy] DEBUG: Crawled (200) <GET http://dantri.com.vn/su-kien.htm> (referer: http://dantri.com.vn) ['partial']
2016-08-30 04:35:46 [scrapy] DEBUG: Crawled (200) <GET http://dantri.com.vn/chuyen-la/mac-ket-trong-bon-cau-cong-cong-vi-co-gang-luom-dien-thoai-bi-danh-roi-20160829073626512.htm> (referer: http://dantri.com.vn/chuyen-la.htm) ['partial']
2016-08-30 04:35:46 [scrapy] DEBUG: Scraped from <200 http://dantri.com.vn/chuyen-la/mac-ket-trong-bon-cau-cong-cong-vi-co-gang-luom-dien-thoai-bi-danh-roi-20160829073626512.htm>
{'content': [u'Cato Berntsen Larsen, 20 tu\u1ed5i, s\u1ed1ng t\u1ea1i th\xe0nh ph\u1ed1 Drammen (Na Uy) \u0111\xe3 chui l\u1ecdt v\xe0o b\u1ed3n c\u1ea7u m\u1ed9t nh\xe0 v\u1ec7 sinh c\xf4ng c\u1ed9ng \u0111\u1ec3 l\u1ea5y gi\xfap chi\u1ebfc \u0111i\u1ec7n tho\u1ea1i di \u0111\u1ed9ng m\xe0 b\u1ea1n m\xecnh v\xf4 t\xecnh \u0111\xe1nh r\u01a1i xu\u1ed1ng \u0111\xf3, nh\u01b0ng Larsen \u0111\xe3 kh\xf4ng th\u1ec3 chui ng\u01b0\u1ee3c l\xean tr\u1edf l\u1ea1i v\xe0 m\u1eafc k\u1eb9t trong \u0111\xf3.',
             u'',
             u'',
             u'\u201c\u0110\u1ea7u ti\xean ch\xfang t\xf4i \u0111\xe3 c\u1ed1 g\u1eafng d\xf9ng g\u1eady \u0111\u1ec3 m\xf3c chi\u1ebfc \u0111i\u1ec7n tho\u1ea1i nh\u01b0ng b\u1ea5t th\xe0nh, do v\u1eady t\xf4i \u0111\xe3 quy\u1ebft \u0111\u1ecbnh s\u1ebd nh\u1ea3y v\xe0o \u0111\xf3\u201d, Larsen chia s\u1ebb. \u201cTuy nhi\xean, t\xf4i \u0111\xe3 s\u1edbm nh\u1eadn ra sai l\u1ea7m c\u1ee7a m\xecnh khi kh\xf4ng th\u1ec3 tr\xe8o ng\u01b0\u1ee3c l\xean tr\u1edf l\u1ea1i\u201d.',
             u'\u201cT\xf4i \u0111\xe3 \u0111\u1ee7 \u1ed1m \u0111\u1ec3 chui v\xe0o \u0111\xf3, nh\u01b0ng kh\xf4ng hi\u1ec3u sao l\u1ea1i kh\xf4ng \u0111\u1ee7 b\xe9 nh\u1ecf \u0111\u1ec3 c\xf3 th\u1ec3 chui ra\u201d, Larsen cho bi\u1ebft th\xeam.',
             u'C\u1ed1 g\u1eafng v\u01b0\u1ee3t qu\xe1 s\u1ef1 b\u1ea5t ti\u1ec7n v\xe0 b\u1ea9n th\u1ec9u \u0111ang ph\u1ea3i ch\u1ecbu, Larsen \u0111\xe3 c\u1ed1 g\u1eafng t\xecm c\xe1ch tho\xe1t ra trong m\u1ed9t gi\u1edd \u0111\u1ed3ng h\u1ed3 nh\u01b0ng b\u1ea5t th\xe0nh. Cu\u1ed1i c\xf9ng ch\xe0ng trai n\xe0y nh\u1edd b\u1ea1n c\u1ee7a m\xecnh g\u1ecdi \u0111i\u1ec7n \u0111\u1ec3 t\xecm s\u1ef1 tr\u1ee3 gi\xfap t\u1eeb l\u1ef1c l\u01b0\u1ee3ng c\u1ee9u h\u1ecfa.',
             u'',
             u'',
             u'\u201cT\xf4i b\u1ecb m\u1eafc k\u1eb9t d\u01b0\u1edbi \u0111\xf3 trong m\u1ed9t gi\u1edd v\xe0 t\xf4i th\u1ef1c s\u1ef1 ho\u1ea3ng lo\u1ea1n. C\xf3 nh\u1eefng con v\u1eadt b\xf2 tr\xean ng\u01b0\u1eddi t\xf4i\u201d, Larsen cho bi\u1ebft th\xeam.',
             u'L\u1ef1c l\u01b0\u1ee3ng c\u1ee9u h\u1ecfa sau \u0111\xf3 \u0111\xe3 nhanh ch\xf3ng c\xf3 m\u1eb7t t\u1ea1i hi\u1ec7n tr\u01b0\u1eddng v\xe0 tr\xean th\u1ef1c t\u1ebf \u0111\xe2y l\xe0 m\u1ed9t nhi\u1ec7m v\u1ee5 gi\u1ea3i c\u1ee9u kh\xf4ng qu\xe1 ph\u1ee9c t\u1ea1p. Nh\u1eefng ng\u01b0\u1eddi l\xednh c\u1ee9u h\u1ecfa s\u1eed d\u1ee5ng c\u01b0a m\xe1y \u0111\u1ec3 c\u1eaft ph\u1ea7n tr\xean c\u1ee7a b\u1ed3n c\u1ea7u v\xe0 gi\u1ea3i c\u1ee9u th\xe0nh c\xf4ng Larsen.',
             u'\u0110i\u1ec1u \u0111\xe1ng n\xf3i l\xe0 h\u1ec7 th\u1ed1ng ch\u1ee9a ch\u1ea5t th\u1ea3i b\xean d\u01b0\u1edbi nh\xe0 v\u1ec7 sinh c\xf4ng c\u1ed9ng n\xe0y kh\xf4ng \u0111\u01b0\u1ee3c th\xf4ng v\u1edbi h\u1ec7 th\u1ed1ng x\u1eed l\xfd ch\u1ea5t th\u1ea3i chung c\u1ee7a to\xe0n th\xe0nh ph\u1ed1 v\xe0 ch\u1ec9 \u0111\u01b0\u1ee3c l\xe0m s\u1ea1ch m\u1ed7i n\u0103m m\u1ed9t l\u1ea7n. Theo c\xe1c nh\xe2n vi\xean c\u1ee9u h\u1ecfa th\xec \u0111\xe2y l\xe0 l\u1ea7n \u0111\u1ea7u ti\xean c\xf3 m\u1ed9t v\u1ee5 vi\u1ec7c hy h\u1eefu nh\u01b0 v\u1eady x\u1ea3y ra v\xe0 khi s\u1ef1 c\u1ed1 x\u1ea3y ra, b\xean d\u01b0\u1edbi b\u1ed3n c\u1ea7u ch\u1ee9a kh\xe1 \u0111\u1ea7y ch\u1ea5t th\u1ea3i.',
             u'',
             u'Larsen sau \u0111\xf3 \u0111\u01b0\u1ee3c nhanh ch\xf3ng \u0111\u01b0a \u0111\u1ebfn b\u1ec7nh vi\u1ec7n v\u1edbi m\u1ed9t v\xe0i v\u1ebft c\u1eaft c\u1ee7a \u0111\u1ed9ng v\u1eadt tr\xean c\u01a1 th\u1ec3 v\xe0 b\u1ecb b\u1ea7m t\xedm \u1edf tr\xean c\xe1nh tay nh\u01b0ng kh\xf4ng c\xf3 g\xec qu\xe1 nguy hi\u1ec3m. D\xf9 v\u1eady \u0111\xe2y l\xe0 m\u1ed9t tai n\u1ea1n kh\xf4ng th\u1ec3 n\xe0o qu\xean v\u1edbi ch\xe0ng trai n\xe0y.',
             u'M\u1eb7c d\xf9 ch\u1ea5p nh\u1eadn s\u1ef1 hy sinh \u0111\xe1ng k\u1ec3 nh\u01b0ng \u0111\xe1ng ti\u1ebfc chi\u1ebfc \u0111i\u1ec7n tho\u1ea1i b\u1ecb \u0111\xe1nh r\u01a1i v\u1eabn kh\xf4ng th\u1ec3 \u0111\u01b0\u1ee3c t\xecm th\u1ea5y.',
             u'Theo'],
 'link': u'http://dantri.com.vn/chuyen-la/mac-ket-trong-bon-cau-cong-cong-vi-co-gang-luom-dien-thoai-bi-danh-roi-20160829073626512.htm',
 'title': [u'\r\n    M\u1eafc k\u1eb9t trong b\u1ed3n c\u1ea7u c\xf4ng c\u1ed9ng v\xec c\u1ed1 g\u1eafng l\u01b0\u1ee3m \u0111i\u1ec7n tho\u1ea1i b\u1ecb \u0111\xe1nh r\u01a1i']}
2016-08-30 04:35:52 [scrapy] DEBUG: Crawled (200) <GET http://dantri.com.vn/chuyen-la/trang-2.htm> (referer: http://dantri.com.vn/chuyen-la.htm) ['partial']
2016-08-30 04:36:00 [scrapy] DEBUG: Crawled (200) <GET http://dantri.com.vn/tinh-yeu-gioi-tinh/trang-2.htm> (referer: http://dantri.com.vn/tinh-yeu-gioi-tinh.htm) ['partial']
2016-08-30 04:36:05 [scrapy] DEBUG: Crawled (200) <GET http://dantri.com.vn/o-to-xe-may/trang-2.htm> (referer: http://dantri.com.vn/o-to-xe-may.htm) ['partial']
2016-08-30 04:36:12 [scrapy] DEBUG: Crawled (200) <GET http://dantri.com.vn/suc-manh-so/trang-2.htm> (referer: http://dantri.com.vn/suc-manh-so.htm) ['partial']
2016-08-30 04:36:18 [scrapy] DEBUG: Crawled (200) <GET http://dantri.com.vn/suc-khoe/trang-2.htm> (referer: http://dantri.com.vn/suc-khoe.htm) ['partial']
2016-08-30 04:36:26 [scrapy] INFO: Crawled 27 pages (at 8 pages/min), scraped 1 items (at 1 items/min)
2016-08-30 04:36:26 [scrapy] DEBUG: Crawled (200) <GET http://dantri.com.vn/nhip-song-tre/trang-2.htm> (referer: http://dantri.com.vn/nhip-song-tre.htm) ['partial']
2016-08-30 04:36:34 [scrapy] DEBUG: Crawled (200) <GET http://dantri.com.vn/phap-luat/trang-2.htm> (referer: http://dantri.com.vn/phap-luat.htm) ['partial']
2016-08-30 04:36:43 [scrapy] DEBUG: Crawled (200) <GET http://dantri.com.vn/giai-tri/trang-2.htm> (referer: http://dantri.com.vn/giai-tri.htm) ['partial']
2016-08-30 04:36:47 [scrapy] DEBUG: Crawled (200) <GET http://dantri.com.vn/van-hoa/trang-2.htm> (referer: http://dantri.com.vn/van-hoa.htm) ['partial']
2016-08-30 04:36:56 [scrapy] DEBUG: Crawled (200) <GET http://dantri.com.vn/kinh-doanh/trang-2.htm> (referer: http://dantri.com.vn/kinh-doanh.htm) ['partial']
2016-08-30 04:37:01 [scrapy] DEBUG: Crawled (200) <GET http://dantri.com.vn/tam-long-nhan-ai/trang-2.htm> (referer: http://dantri.com.vn/tam-long-nhan-ai.htm) ['partial']
2016-08-30 04:37:08 [scrapy] DEBUG: Crawled (200) <GET http://dantri.com.vn/giao-duc-khuyen-hoc/trang-2.htm> (referer: http://dantri.com.vn/giao-duc-khuyen-hoc.htm) ['partial']
2016-08-30 04:37:17 [scrapy] DEBUG: Crawled (200) <GET http://dantri.com.vn/the-thao/trang-2.htm> (referer: http://dantri.com.vn/the-thao.htm) ['partial']
2016-08-30 04:37:20 [scrapy] DEBUG: Crawled (200) <GET http://dantri.com.vn/the-gioi/trang-2.htm> (referer: http://dantri.com.vn/the-gioi.htm) ['partial']
2016-08-30 04:37:26 [scrapy] INFO: Crawled 36 pages (at 9 pages/min), scraped 1 items (at 0 items/min)
2016-08-30 04:37:29 [scrapy] DEBUG: Crawled (200) <GET http://dantri.com.vn/xa-hoi/trang-2.htm> (referer: http://dantri.com.vn/xa-hoi.htm) ['partial']
2016-08-30 04:37:37 [scrapy] DEBUG: Crawled (200) <GET http://dantri.com.vn/su-kien/trang-2.htm> (referer: http://dantri.com.vn/su-kien.htm) ['partial']
2016-08-30 04:37:45 [scrapy] DEBUG: Crawled (200) <GET http://dantri.com.vn/su-kien/ong-trinh-xuan-thanh-xin-nghi-de-chua-benh-20160829130959679.htm> (referer: http://dantri.com.vn/su-kien.htm) ['partial']
2016-08-30 04:37:45 [scrapy] DEBUG: Scraped from <200 http://dantri.com.vn/su-kien/ong-trinh-xuan-thanh-xin-nghi-de-chua-benh-20160829130959679.htm>
{'content': [u'Tr\u01b0\u1edbc \u0111\xf3, \xf4ng Tr\u1ea7n C\xf4ng Ch\xe1nh, B\xed th\u01b0 t\u1ec9nh \u1ee7y H\u1eadu Giang c\u0169ng cho bi\u1ebft: \u201c\xd4ng Tr\u1ecbnh Xu\xe2n Thanh \u0111ang xin ngh\u1ec9 ph\xe9p m\u1ea5y h\xf4m, hi\u1ec7n t\u1ea1i ch\xfang t\xf4i ch\u01b0a nghe th\xf4ng b\xe1o g\xec m\u1edbi v\u1ec1 \xf4ng Tr\u1ecbnh Xu\xe2n Thanh\u201d.',
             u'Nhi\u1ec1u ng\u01b0\u1eddi c\xf4ng t\xe1c t\u1ea1i UBND t\u1ec9nh H\u1eadu Giang cho bi\u1ebft, \xf4ng Tr\u1ecbnh Xu\xe2n Thanh hi\u1ec7n v\u1eabn c\xf2n l\xe0 T\u1ec9nh \u1ee7y vi\xean, sinh ho\u1ea1t \u0110\u1ea3ng t\u1ea1i chi b\u1ed9 V\u0103n ph\xf2ng UBND t\u1ec9nh H\u1eadu Giang, tuy nhi\xean t\u1eeb ng\xe0y \u0111o\xe0n c\xf4ng t\xe1c c\u1ee7a \u1ee6y ban Ki\u1ec3m tra trung \u01b0\u01a1ng v\xe0o l\xe0m vi\u1ec7c, \xf4ng Thanh g\u1ea7n nh\u01b0 kh\xf4ng c\xf3 m\u1eb7t t\u1ea1i H\u1eadu Giang.',
             u'',
             u'Nh\u01b0 D\xe2n tr\xed \u0111\xe3 th\xf4ng tin, \xf4ng Tr\u1ecbnh Xu\xe2n Thanh, nguy\xean V\u1ee5 tr\u01b0\u1edfng, Ch\xe1nh V\u0103n ph\xf2ng Ban c\xe1n s\u1ef1 \u0110\u1ea3ng, B\u1ed9 C\xf4ng Th\u01b0\u01a1ng \u0111\u01b0\u1ee3c lu\xe2n chuy\u1ec3n v\u1ec1 H\u1eadu Giang t\u1eeb th\xe1ng 5/2015 v\xe0 \u0111\u01b0\u1ee3c b\u1ea7u gi\u1eef ch\u1ee9c Ph\xf3 Ch\u1ee7 t\u1ecbch UBND t\u1ec9nh nhi\u1ec7m k\u1ef3 2011 - 2016.',
             u'Cu\u1ed1i th\xe1ng 5/2016, ph\xe1t hi\u1ec7n \xf4ng Thanh \u0111ang d\xf9ng xe c\xe1 nh\xe2n h\u1ea1ng sang g\u1eafn bi\u1ec3n xanh \u0111\u1ec3 \u0111i l\u1ea1i, d\u01b0 lu\u1eadn b\u1ee9c x\xfac, b\xe1o ch\xed \u0111\xe3 v\xe0o cu\u1ed9c, ph\u1ea3n \xe1nh c\xe1c sai ph\u1ea1m c\u1ee7a \xf4ng Thanh.',
             u'\u0110\u1ebfn ng\xe0y 9/6/ 2016, V\u0103n ph\xf2ng Trung \u01b0\u01a1ng \u0110\u1ea3ng c\xf3 c\xf4ng v\u0103n truy\u1ec1n \u0111\u1ea1t \xfd ki\u1ebfn c\u1ee7a T\u1ed5ng B\xed th\u01b0 Nguy\u1ec5n Ph\xfa Tr\u1ecdng giao 9 c\u01a1 quan ki\u1ec3m tra, xem x\xe9t, k\u1ebft lu\u1eadn nh\u1eefng n\u1ed9i dung b\xe1o ch\xed n\xeau li\xean quan \u0111\u1ebfn Ph\xf3 ch\u1ee7 t\u1ecbch UBND t\u1ec9nh H\u1eadu Giang Tr\u1ecbnh Xu\xe2n Thanh.',
             u'Ng\xe0y 16/6, H\u0110ND t\u1ec9nh H\u1eadu Giang kh\xf3a IX (nhi\u1ec7m k\u1ef3 2016-2021) h\u1ecdp l\u1ea7n th\u1ee9 nh\u1ea5t v\u1edbi 50 \u0111\u1ea1i bi\u1ec3u v\u1eeba tr\xfang c\u1eed tham d\u1ef1. T\u1ea1i cu\u1ed9c h\u1ecdp n\xe0y, \xf4ng Thanh xin v\u1eafng m\u1eb7t. Tr\u01b0\u1edbc \u0111\xf3, ng\xe0y 15/6, \xf4ng Thanh \u0111\xe3 ch\u1ee7 \u0111\u1ed9ng n\u1ed9p \u0111\u01a1n l\xean T\u1ec9nh \u1ee7y v\xe0 H\u0110ND t\u1ec9nh H\u1eadu Giang xin kh\xf4ng t\xe1i c\u1eed ch\u1ee9c danh Ph\xf3 ch\u1ee7 t\u1ecbch UBND t\u1ec9nh H\u1eadu Giang, nhi\u1ec7m k\u1ef3 2016-2021.',
             u'Ng\xe0y 15/7, H\u1ed9i \u0111\u1ed3ng b\u1ea7u c\u1eed Qu\u1ed1c gia kh\xf4ng c\xf4ng nh\u1eadn t\u01b0 c\xe1ch \u0111\u1ea1i bi\u1ec3u Qu\u1ed1c h\u1ed9i v\u1edbi \xf4ng Tr\u1ecbnh Xu\xe2n Thanh.',
             u'Ng\xe0y 1, 2/8, Ban th\u01b0\u1eddng v\u1ee5 T\u1ec9nh \u1ee7y, Ban ch\u1ea5p h\xe0nh \u0110\u1ea3ng b\u1ed9 t\u1ec9nh H\u1eadu Giang \u0111\xe3 h\u1ecdp \u0111\u1ec3 ki\u1ec3m \u0111i\u1ec3m tr\xe1ch nhi\u1ec7m c\u1ee7a t\u1eadp th\u1ec3 Ban th\u01b0\u1eddng v\u1ee5 T\u1ec9nh \u1ee7y, c\xe1c c\xe1 nh\xe2n c\xf3 li\xean quan \u0111\u1ebfn s\u1ef1 vi\u1ec7c c\u1ee7a \xf4ng Tr\u1ecbnh Xu\xe2n Thanh.  T\u1ea1i cu\u1ed9c h\u1ecdp n\xe0y Ban Th\u01b0\u1eddng v\u1ee5 T\u1ec9nh \u1ee7y H\u1eadu Giang th\u1eeba nh\u1eadn khuy\u1ebft \u0111i\u1ec3m v\xe0 cho bi\u1ebft s\u1ebd "nghi\xeam kh\u1eafc nh\u1eadn tr\xe1ch nhi\u1ec7m, r\xfat kinh nghi\u1ec7m".'],
 'link': u'http://dantri.com.vn/xa-hoi/ong-trinh-xuan-thanh-xin-nghi-de-chua-benh-20160829130959679.htm',
 'title': [u'\r\n    \xd4ng Tr\u1ecbnh Xu\xe2n Thanh xin ngh\u1ec9 \u0111\u1ec3 ch\u1eefa b\u1ec7nh']}
2016-08-30 04:37:54 [scrapy] DEBUG: Crawled (200) <GET http://dantri.com.vn/chuyen-la/trang-3.htm> (referer: http://dantri.com.vn/chuyen-la/trang-2.htm) ['partial']
2016-08-30 04:38:01 [scrapy] DEBUG: Crawled (200) <GET http://dantri.com.vn/tinh-yeu-gioi-tinh/trang-3.htm> (referer: http://dantri.com.vn/tinh-yeu-gioi-tinh/trang-2.htm) ['partial']
2016-08-30 04:38:08 [scrapy] DEBUG: Crawled (200) <GET http://dantri.com.vn/o-to-xe-may/trang-3.htm> (referer: http://dantri.com.vn/o-to-xe-may/trang-2.htm) ['partial']
2016-08-30 04:38:16 [scrapy] DEBUG: Crawled (200) <GET http://dantri.com.vn/suc-manh-so/trang-3.htm> (referer: http://dantri.com.vn/suc-manh-so/trang-2.htm) ['partial']
2016-08-30 04:38:24 [scrapy] DEBUG: Crawled (200) <GET http://dantri.com.vn/suc-khoe/trang-3.htm> (referer: http://dantri.com.vn/suc-khoe/trang-2.htm) ['partial']
2016-08-30 04:38:26 [scrapy] INFO: Crawled 44 pages (at 8 pages/min), scraped 2 items (at 1 items/min)
2016-08-30 04:38:29 [scrapy] DEBUG: Crawled (200) <GET http://dantri.com.vn/nhip-song-tre/trang-3.htm> (referer: http://dantri.com.vn/nhip-song-tre/trang-2.htm) ['partial']
2016-08-30 04:38:35 [scrapy] DEBUG: Crawled (200) <GET http://dantri.com.vn/phap-luat/trang-3.htm> (referer: http://dantri.com.vn/phap-luat/trang-2.htm) ['partial']
2016-08-30 04:38:44 [scrapy] DEBUG: Crawled (200) <GET http://dantri.com.vn/giai-tri/trang-3.htm> (referer: http://dantri.com.vn/giai-tri/trang-2.htm) ['partial']
2016-08-30 04:38:50 [scrapy] DEBUG: Crawled (200) <GET http://dantri.com.vn/van-hoa/trang-3.htm> (referer: http://dantri.com.vn/van-hoa/trang-2.htm) ['partial']
2016-08-30 04:38:58 [scrapy] DEBUG: Crawled (200) <GET http://dantri.com.vn/kinh-doanh/trang-3.htm> (referer: http://dantri.com.vn/kinh-doanh/trang-2.htm) ['partial']
2016-08-30 04:39:06 [scrapy] DEBUG: Crawled (200) <GET http://dantri.com.vn/tam-long-nhan-ai/trang-3.htm> (referer: http://dantri.com.vn/tam-long-nhan-ai/trang-2.htm) ['partial']
2016-08-30 04:39:15 [scrapy] DEBUG: Crawled (200) <GET http://dantri.com.vn/giao-duc-khuyen-hoc/trang-3.htm> (referer: http://dantri.com.vn/giao-duc-khuyen-hoc/trang-2.htm) ['partial']
2016-08-30 04:39:20 [scrapy] DEBUG: Crawled (200) <GET http://dantri.com.vn/the-thao/trang-3.htm> (referer: http://dantri.com.vn/the-thao/trang-2.htm) ['partial']
2016-08-30 04:39:26 [scrapy] INFO: Crawled 52 pages (at 8 pages/min), scraped 2 items (at 0 items/min)
2016-08-30 04:39:28 [scrapy] DEBUG: Crawled (200) <GET http://dantri.com.vn/the-gioi/trang-3.htm> (referer: http://dantri.com.vn/the-gioi/trang-2.htm) ['partial']
2016-08-30 04:39:35 [scrapy] DEBUG: Crawled (200) <GET http://dantri.com.vn/xa-hoi/trang-3.htm> (referer: http://dantri.com.vn/xa-hoi/trang-2.htm) ['partial']
2016-08-30 04:39:41 [scrapy] DEBUG: Crawled (200) <GET http://dantri.com.vn/su-kien/trang-3.htm> (referer: http://dantri.com.vn/su-kien/trang-2.htm) ['partial']
2016-08-30 04:39:50 [scrapy] DEBUG: Crawled (200) <GET http://dantri.com.vn/su-kien/tong-thong-philippines-ke-nghien-ma-tuy-khong-phai-la-con-nguoi-20160829083958904.htm> (referer: http://dantri.com.vn/su-kien/trang-2.htm) ['partial']
2016-08-30 04:39:50 [scrapy] DEBUG: Scraped from <200 http://dantri.com.vn/su-kien/tong-thong-philippines-ke-nghien-ma-tuy-khong-phai-la-con-nguoi-20160829083958904.htm>
{'content': [u'',
             u'\u201cT\u1ed9i \xe1c ch\u1ed1ng l\u1ea1i lo\xe0i ng\u01b0\u1eddi \u01b0? Tr\u01b0\u1edbc ti\xean, t\xf4i mu\u1ed1n h\u1ecfi th\u1eb3ng c\xe1c b\u1ea1n: H\u1ecd c\xf3 ph\u1ea3i l\xe0 con ng\u01b0\u1eddi kh\xf4ng? C\xe1c b\u1ea1n \u0111\u1ecbnh ngh\u0129a th\u1ebf n\xe0o l\xe0 m\u1ed9t con ng\u01b0\u1eddi?\u201d,',
             u'd\u1eabn l\u1eddi T\u1ed5ng th\u1ed1ng Rodrigo Duterte ph\xe1t bi\u1ec3u tr\u01b0\u1edbc c\xe1c binh s\u0129 trong chuy\u1ebfn th\u0103m t\u1edbi m\u1ed9t doanh tr\u1ea1i qu\xe2n \u0111\u1ed9i t\u1ea1i Philippines ng\xe0y 28/8.',
             u'\u201cNh\xe2n quy\u1ec1n \u01b0? H\xe3y s\u1eed d\u1ee5ng n\xf3 m\u1ed9t c\xe1ch ch\xednh x\xe1c trong \u0111\xfang b\u1ed1i c\u1ea3nh n\u1ebfu b\u1ea1n c\xf2n tr\xed n\xe3o. B\u1ea1n kh\xf4ng th\u1ec3 ti\u1ebfn h\xe0nh m\u1ed9t cu\u1ed9c chi\u1ebfn m\xe0 kh\xf4ng c\xf3 ch\u1ebft ch\xf3c\u201d, \xf4ng Duterte n\xf3i th\xeam, \u0111\u1ed3ng th\u1eddi kh\u1eb3ng \u0111\u1ecbnh nhi\u1ec1u ng\u01b0\u1eddi nghi\u1ec7n ma t\xfay kh\xf4ng th\u1ec3 c\u1ea3i t\u1ea1o \u0111\u01b0\u1ee3c n\u1eefa.',
             u'Ph\xe1t bi\u1ec3u tr\xean c\u1ee7a \xf4ng Duterte \u0111\u01b0\u1ee3c \u0111\u01b0a ra sau khi h\xe0ng lo\u1ea1t quan ch\u1ee9c c\u1ee7a Li\xean H\u1ee3p Qu\u1ed1c, trong \u0111\xf3 c\xf3 T\u1ed5ng th\u01b0 k\xfd Ban Ki-moon, \u0111\xe3 l\xean \xe1n chi\u1ebfn d\u1ecbch b\xe0i tr\u1eeb ma t\xfay c\u1ee7a T\u1ed5ng th\u1ed1ng Duterte khi nh\xe0 l\xe3nh \u0111\u1ea1o Philippines cho ph\xe9p ti\xeau di\u1ec7t c\u1ea3 nh\u1eefng k\u1ebb bu\xf4n b\xe1n ma t\xfay tr\xe1i ph\xe9p l\u1eabn nh\u1eefng ng\u01b0\u1eddi nghi\u1ec7n lo\u1ea1i ch\u1ea5t c\u1ea5m n\xe0y m\xe0 kh\xf4ng c\u1ea7n qua x\xe9t x\u1eed t\u1ea1i t\xf2a.',
             u'Tr\u01b0\u1edbc \u0111\xf3, C\u1ea3nh s\xe1t tr\u01b0\u1edfng qu\u1ed1c gia Philippines Ronald Dela Rosa ng\xe0y 26/8 \u0111\xe3 k\xeau g\u1ecdi ch\xednh nh\u1eefng ng\u01b0\u1eddi nghi\u1ec7n ma t\xfay ti\xeau di\u1ec7t nh\u1eefng k\u1ebb bu\xf4n b\xe1n \u201cc\xe1i ch\u1ebft tr\u1eafng\u201d v\xe0 d\xf9ng x\u0103ng \u0111\u1ed1t nh\xe0 c\u1ee7a nh\u1eefng \u0111\u1ed1i t\u01b0\u1ee3ng n\xe0y. \xd4ng Rosa sau \u0111\xf3 \u0111\xe3 l\xean ti\u1ebfng xin l\u1ed7i v\u1ec1 ph\xe1t ng\xf4n c\u1ee7a m\xecnh, tuy nhi\xean T\u1ed5ng th\u1ed1ng Duterte l\u1ea1i b\u1ea3o v\u1ec7 \xf4ng v\xe0 n\xf3i r\u1eb1ng: \u201c\u0110\xf3 l\xe0 phong c\xe1ch c\u1ee7a t\xf4i. \xd4ng Rosa \u0111\xe3 \u0111i theo phong c\xe1ch \u0111\xf3\u201d.',
             u'H\u1ed3i \u0111\u1ea7u tu\u1ea7n, ph\xe1t bi\u1ec3u tr\u01b0\u1edbc c\xe1c ngh\u1ecb s\u0129 qu\u1ed1c h\u1ed9i, \xf4ng Rosa cho bi\u1ebft c\u1ea3nh s\xe1t Philippines \u0111\xe3 ti\xeau di\u1ec7t h\u01a1n 750 ng\u01b0\u1eddi trong cu\u1ed9c chi\u1ebfn ch\u1ed1ng ma t\xfay do T\u1ed5ng th\u1ed1ng Duterte ph\xe1t \u0111\u1ed9ng. Ngo\xe0i ra, c\xf2n h\u01a1n 1.000 ng\u01b0\u1eddi kh\xe1c c\u0169ng \u0111\xe3 b\u1ecb l\u1ef1c l\u01b0\u1ee3ng an ninh ch\xecm b\u1eafn ch\u1ebft. Hi\u1ec7n s\u1ed1 ng\u01b0\u1eddi thi\u1ec7t m\u1ea1ng v\u1eabn ti\u1ebfp t\u1ee5c t\u0103ng l\xean.',
             u'\xd4ng Duterte, 71 tu\u1ed5i, gi\xe0nh chi\u1ebfn th\u1eafng trong cu\u1ed9c b\u1ea7u c\u1eed t\u1ed5ng th\u1ed1ng h\u1ed3i th\xe1ng 5 nh\u1edd v\xe0o cam k\u1ebft x\xf3a s\u1ed5 h\xe0ng ch\u1ee5c ng\xe0n nghi ph\u1ea1m v\u1edbi m\u1ee5c ti\xeau kh\xf4ng \u0111\u1ec3 Philippines tr\u1edf th\xe0nh m\u1ed9t qu\u1ed1c gia ma t\xfay.',
             u'Theo'],
 'link': u'http://dantri.com.vn/the-gioi/tong-thong-philippines-ke-nghien-ma-tuy-khong-phai-la-con-nguoi-20160829083958904.htm',
 'title': [u'\r\n    T\u1ed5ng th\u1ed1ng Philippines: K\u1ebb nghi\u1ec7n ma t\xfay kh\xf4ng ph\u1ea3i l\xe0 con ng\u01b0\u1eddi']}
2016-08-30 04:39:56 [scrapy] DEBUG: Crawled (200) <GET http://dantri.com.vn/chuyen-la/trang-4.htm> (referer: http://dantri.com.vn/chuyen-la/trang-3.htm) ['partial']
2016-08-30 04:40:02 [scrapy] DEBUG: Crawled (200) <GET http://dantri.com.vn/tinh-yeu-gioi-tinh/trang-4.htm> (referer: http://dantri.com.vn/tinh-yeu-gioi-tinh/trang-3.htm) ['partial']
2016-08-30 04:40:10 [scrapy] DEBUG: Crawled (200) <GET http://dantri.com.vn/o-to-xe-may/trang-4.htm> (referer: http://dantri.com.vn/o-to-xe-may/trang-3.htm) ['partial']
2016-08-30 04:40:16 [scrapy] DEBUG: Crawled (200) <GET http://dantri.com.vn/suc-manh-so/trang-4.htm> (referer: http://dantri.com.vn/suc-manh-so/trang-3.htm) ['partial']
2016-08-30 04:40:24 [scrapy] DEBUG: Crawled (200) <GET http://dantri.com.vn/suc-khoe/trang-4.htm> (referer: http://dantri.com.vn/suc-khoe/trang-3.htm) ['partial']
2016-08-30 04:40:26 [scrapy] INFO: Crawled 61 pages (at 9 pages/min), scraped 3 items (at 1 items/min)
2016-08-30 04:40:30 [scrapy] DEBUG: Crawled (200) <GET http://dantri.com.vn/nhip-song-tre/trang-4.htm> (referer: http://dantri.com.vn/nhip-song-tre/trang-3.htm) ['partial']
2016-08-30 04:40:38 [scrapy] DEBUG: Crawled (200) <GET http://dantri.com.vn/phap-luat/trang-4.htm> (referer: http://dantri.com.vn/phap-luat/trang-3.htm) ['partial']
2016-08-30 04:40:47 [scrapy] DEBUG: Crawled (200) <GET http://dantri.com.vn/giai-tri/trang-4.htm> (referer: http://dantri.com.vn/giai-tri/trang-3.htm) ['partial']
2016-08-30 04:40:56 [scrapy] DEBUG: Crawled (200) <GET http://dantri.com.vn/van-hoa/trang-4.htm> (referer: http://dantri.com.vn/van-hoa/trang-3.htm) ['partial']
2016-08-30 04:41:03 [scrapy] DEBUG: Crawled (200) <GET http://dantri.com.vn/kinh-doanh/trang-4.htm> (referer: http://dantri.com.vn/kinh-doanh/trang-3.htm) ['partial']
2016-08-30 04:41:09 [scrapy] DEBUG: Crawled (200) <GET http://dantri.com.vn/tam-long-nhan-ai/trang-4.htm> (referer: http://dantri.com.vn/tam-long-nhan-ai/trang-3.htm) ['partial']
2016-08-30 04:41:14 [scrapy] DEBUG: Crawled (200) <GET http://dantri.com.vn/giao-duc-khuyen-hoc/trang-4.htm> (referer: http://dantri.com.vn/giao-duc-khuyen-hoc/trang-3.htm) ['partial']
2016-08-30 04:41:23 [scrapy] DEBUG: Crawled (200) <GET http://dantri.com.vn/the-thao/trang-4.htm> (referer: http://dantri.com.vn/the-thao/trang-3.htm) ['partial']
2016-08-30 04:41:26 [scrapy] INFO: Crawled 69 pages (at 8 pages/min), scraped 3 items (at 0 items/min)
2016-08-30 04:41:30 [scrapy] DEBUG: Crawled (200) <GET http://dantri.com.vn/the-gioi/trang-4.htm> (referer: http://dantri.com.vn/the-gioi/trang-3.htm) ['partial']
2016-08-30 04:41:33 [scrapy] INFO: Received SIGINT, shutting down gracefully. Send again to force 
2016-08-30 04:41:33 [scrapy] INFO: Closing spider (shutdown)
2016-08-30 04:41:34 [scrapy] INFO: Received SIGINT twice, forcing unclean shutdown
2016-08-30 04:46:17 [scrapy] INFO: Scrapy 1.0.5 started (bot: dantriCrawler2)
2016-08-30 04:46:17 [scrapy] INFO: Optional features available: ssl, http11
2016-08-30 04:46:17 [scrapy] INFO: Overridden settings: {'NEWSPIDER_MODULE': 'dantriCrawler2.spiders', 'FEED_URI': 'items.json', 'SPIDER_MODULES': ['dantriCrawler2.spiders'], 'BOT_NAME': 'dantriCrawler2', 'ROBOTSTXT_OBEY': True, 'FEED_FORMAT': 'json', 'LOG_FILE': 'scrapy.log', 'DOWNLOAD_DELAY': 6}
2016-08-30 04:46:18 [scrapy] INFO: Enabled extensions: CloseSpider, FeedExporter, TelnetConsole, LogStats, CoreStats, SpiderState
2016-08-30 04:46:18 [scrapy] INFO: Enabled downloader middlewares: RobotsTxtMiddleware, HttpAuthMiddleware, DownloadTimeoutMiddleware, UserAgentMiddleware, RetryMiddleware, DefaultHeadersMiddleware, MetaRefreshMiddleware, HttpCompressionMiddleware, RedirectMiddleware, CookiesMiddleware, HttpProxyMiddleware, ChunkedTransferMiddleware, DownloaderStats
2016-08-30 04:46:18 [scrapy] INFO: Enabled spider middlewares: HttpErrorMiddleware, OffsiteMiddleware, RefererMiddleware, UrlLengthMiddleware, DepthMiddleware
2016-08-30 04:46:18 [py.warnings] WARNING: /usr/local/lib/python2.7/dist-packages/scrapy/pipelines/__init__.py:21: ScrapyDeprecationWarning: ITEM_PIPELINES defined as a list or a set is deprecated, switch to a dict
  category=ScrapyDeprecationWarning, stacklevel=1)

2016-08-30 04:46:18 [scrapy] INFO: Enabled item pipelines: Dantricrawler2Pipeline
2016-08-30 04:46:18 [scrapy] INFO: Spider opened
2016-08-30 04:46:18 [scrapy] INFO: Crawled 0 pages (at 0 pages/min), scraped 0 items (at 0 items/min)
2016-08-30 04:46:18 [scrapy] DEBUG: Telnet console listening on 127.0.0.1:6023
2016-08-30 04:46:18 [scrapy] DEBUG: Crawled (200) <GET http://dantri.com.vn/robots.txt> (referer: None)
2016-08-30 04:46:27 [scrapy] DEBUG: Crawled (200) <GET http://dantri.com.vn> (referer: None) ['partial']
2016-08-30 04:46:27 [scrapy] DEBUG: Crawled (404) <GET http://dulich.dantri.com.vn/robots.txt> (referer: None)
2016-08-30 04:46:28 [scrapy] INFO: Received SIGINT, shutting down gracefully. Send again to force 
2016-08-30 04:46:28 [scrapy] INFO: Closing spider (shutdown)
2016-08-30 04:46:29 [scrapy] INFO: Received SIGINT twice, forcing unclean shutdown
